TN:
SF:Chat\RissatoMotors\api.js
FN:4,receberDadosERP
FNF:1
FNH:0
FNDA:0,receberDadosERP
DA:2,0
DA:5,0
DA:7,0
DA:10,0
DA:11,0
DA:14,0
DA:17,0
DA:24,0
DA:30,0
DA:31,0
DA:35,0
LF:11
LH:0
BRDA:10,0,0,0
BRDA:10,0,1,0
BRDA:10,1,0,0
BRDA:10,1,1,0
BRDA:20,2,0,0
BRDA:20,2,1,0
BRF:6
BRH:0
end_of_record
TN:
SF:Chat\RissatoMotors\erpSync.js
FN:15,extrairDadosDoERP
FN:77,(anonymous_1)
FN:85,(anonymous_2)
FN:89,(anonymous_3)
FN:94,(anonymous_4)
FN:112,(anonymous_5)
FN:119,(anonymous_6)
FN:135,processarCSVBaixado
FN:145,(anonymous_8)
FN:148,(anonymous_9)
FN:149,(anonymous_10)
FN:150,(anonymous_11)
FN:156,(anonymous_12)
FNF:13
FNH:0
FNDA:0,extrairDadosDoERP
FNDA:0,(anonymous_1)
FNDA:0,(anonymous_2)
FNDA:0,(anonymous_3)
FNDA:0,(anonymous_4)
FNDA:0,(anonymous_5)
FNDA:0,(anonymous_6)
FNDA:0,processarCSVBaixado
FNDA:0,(anonymous_8)
FNDA:0,(anonymous_9)
FNDA:0,(anonymous_10)
FNDA:0,(anonymous_11)
FNDA:0,(anonymous_12)
DA:2,0
DA:3,0
DA:4,0
DA:5,0
DA:6,0
DA:8,0
DA:9,0
DA:11,0
DA:12,0
DA:13,0
DA:16,0
DA:18,0
DA:29,0
DA:32,0
DA:33,0
DA:34,0
DA:38,0
DA:39,0
DA:40,0
DA:44,0
DA:45,0
DA:50,0
DA:51,0
DA:54,0
DA:55,0
DA:57,0
DA:58,0
DA:59,0
DA:61,0
DA:62,0
DA:68,0
DA:69,0
DA:72,0
DA:73,0
DA:76,0
DA:77,0
DA:79,0
DA:80,0
DA:81,0
DA:83,0
DA:85,0
DA:86,0
DA:87,0
DA:89,0
DA:93,0
DA:94,0
DA:95,0
DA:96,0
DA:97,0
DA:98,0
DA:100,0
DA:103,0
DA:104,0
DA:108,0
DA:109,0
DA:110,0
DA:111,0
DA:112,0
DA:115,0
DA:116,0
DA:117,0
DA:119,0
DA:122,0
DA:125,0
DA:128,0
DA:130,0
DA:131,0
DA:136,0
DA:139,0
DA:141,0
DA:142,0
DA:143,0
DA:145,0
DA:146,0
DA:148,0
DA:150,0
DA:151,0
DA:153,0
DA:154,0
DA:157,0
DA:159,0
DA:160,0
DA:162,0
DA:163,0
DA:167,0
DA:168,0
DA:169,0
DA:170,0
DA:175,0
DA:176,0
DA:179,0
LF:91
LH:0
BRDA:33,0,0,0
BRDA:33,0,1,0
BRDA:87,1,0,0
BRDA:87,1,1,0
BRDA:96,2,0,0
BRDA:96,2,1,0
BRDA:103,3,0,0
BRDA:103,3,1,0
BRDA:112,4,0,0
BRDA:112,4,1,0
BRDA:115,5,0,0
BRDA:115,5,1,0
BRDA:115,6,0,0
BRDA:115,6,1,0
BRDA:122,7,0,0
BRDA:122,7,1,0
BRDA:154,8,0,0
BRDA:154,8,1,0
BRDA:159,9,0,0
BRDA:159,9,1,0
BRDA:162,10,0,0
BRDA:162,10,1,0
BRDA:175,11,0,0
BRDA:175,11,1,0
BRF:24
BRH:0
end_of_record
TN:
SF:Chat\RissatoMotors\fluxo.js
FN:3,executar
FNF:1
FNH:0
FNDA:0,executar
DA:2,0
DA:4,0
DA:5,0
DA:7,0
DA:10,0
DA:11,0
DA:12,0
DA:13,0
DA:14,0
DA:15,0
DA:19,0
LF:11
LH:0
BRDA:4,0,0,0
BRDA:4,0,1,0
BRDA:7,1,0,0
BRDA:7,1,1,0
BRDA:10,2,0,0
BRDA:10,2,1,0
BRDA:13,3,0,0
BRDA:13,3,1,0
BRF:8
BRH:0
end_of_record
TN:
SF:Chat\RissatoMotors\mensagens.js
FNF:0
FNH:0
DA:3,0
LF:1
LH:0
BRF:0
BRH:0
end_of_record
TN:
SF:Chat\RissatoMotors\scheduler.js
FN:19,agendarMensagens
FNF:1
FNH:0
FNDA:0,agendarMensagens
DA:1,0
DA:2,0
DA:5,0
DA:12,0
DA:20,0
DA:24,0
DA:26,0
DA:33,0
DA:35,0
DA:41,0
DA:44,0
LF:11
LH:0
BRDA:6,0,0,0
BRDA:6,0,1,0
BRDA:7,1,0,0
BRDA:7,1,1,0
BRDA:24,2,0,0
BRDA:24,2,1,0
BRDA:33,3,0,0
BRDA:33,3,1,0
BRF:8
BRH:0
end_of_record
TN:
SF:Chat\RissatoMotors\worker.js
FN:9,enviarMensagemHumana
FN:17,(anonymous_1)
FN:27,iniciarWorker
FN:28,(anonymous_3)
FN:48,(anonymous_4)
FN:49,(anonymous_5)
FNF:6
FNH:0
FNDA:0,enviarMensagemHumana
FNDA:0,(anonymous_1)
FNDA:0,iniciarWorker
FNDA:0,(anonymous_3)
FNDA:0,(anonymous_4)
FNDA:0,(anonymous_5)
DA:2,0
DA:3,0
DA:4,0
DA:6,0
DA:10,0
DA:12,0
DA:15,0
DA:16,0
DA:17,0
DA:20,0
DA:21,0
DA:23,0
DA:28,0
DA:29,0
DA:30,0
DA:33,0
DA:36,0
DA:39,0
DA:41,0
DA:44,0
DA:48,0
DA:49,0
DA:52,0
LF:23
LH:0
BRDA:6,0,0,0
BRDA:6,0,1,0
BRDA:33,1,0,0
BRDA:33,1,1,0
BRF:4
BRH:0
end_of_record
TN:
SF:DataBase\conection.js
FN:13,(anonymous_0)
FN:22,query
FNF:2
FNH:0
FNDA:0,(anonymous_0)
FNDA:0,query
DA:1,0
DA:4,0
DA:13,0
DA:14,0
DA:15,0
DA:17,0
DA:18,0
DA:23,0
DA:26,0
LF:9
LH:0
BRDA:5,0,0,0
BRDA:5,0,1,0
BRDA:6,1,0,0
BRDA:6,1,1,0
BRDA:7,2,0,0
BRDA:7,2,1,0
BRDA:8,3,0,0
BRDA:8,3,1,0
BRDA:9,4,0,0
BRDA:9,4,1,0
BRDA:14,5,0,0
BRDA:14,5,1,0
BRF:12
BRH:0
end_of_record
TN:
SF:Engine\whatsapp.js
FN:15,connectToWhatsApp
FN:42,(anonymous_1)
FN:56,(anonymous_2)
FN:70,(anonymous_3)
FN:99,getClientSocket
FNF:5
FNH:0
FNDA:0,connectToWhatsApp
FNDA:0,(anonymous_1)
FNDA:0,(anonymous_2)
FNDA:0,(anonymous_3)
FNDA:0,getClientSocket
DA:6,0
DA:7,0
DA:8,0
DA:9,0
DA:10,0
DA:13,0
DA:16,0
DA:18,0
DA:19,0
DA:22,0
DA:25,0
DA:26,0
DA:30,0
DA:31,0
DA:33,0
DA:42,0
DA:43,0
DA:45,0
DA:47,0
DA:48,0
DA:51,0
DA:52,0
DA:53,0
DA:54,0
DA:55,0
DA:56,0
DA:58,0
DA:59,0
DA:61,0
DA:62,0
DA:63,0
DA:64,0
DA:68,0
DA:70,0
DA:71,0
DA:73,0
DA:74,0
DA:76,0
DA:77,0
DA:80,0
DA:83,0
DA:84,0
DA:85,0
DA:88,0
DA:90,0
DA:93,0
DA:96,0
DA:100,0
DA:103,0
LF:49
LH:0
BRDA:25,0,0,0
BRDA:25,0,1,0
BRDA:45,1,0,0
BRDA:45,1,1,0
BRDA:51,2,0,0
BRDA:51,2,1,0
BRDA:54,3,0,0
BRDA:54,3,1,0
BRDA:61,4,0,0
BRDA:61,4,1,0
BRDA:71,5,0,0
BRDA:71,5,1,0
BRDA:74,6,0,0
BRDA:74,6,1,0
BRDA:77,7,0,0
BRDA:77,7,1,0
BRDA:80,8,0,0
BRDA:80,8,1,0
BRDA:83,9,0,0
BRDA:83,9,1,0
BRDA:83,10,0,0
BRDA:83,10,1,0
BRDA:88,11,0,0
BRDA:88,11,1,0
BRDA:88,11,2,0
BRDA:90,12,0,0
BRDA:90,12,1,0
BRDA:90,13,0,0
BRDA:90,13,1,0
BRDA:90,13,2,0
BRF:30
BRH:0
end_of_record
TN:
SF:Functions\googleSheets.js
FN:19,getSheetId
FN:37,logSimulacao
FN:49,processarCampanhaPosVenda
FN:69,(anonymous_3)
FN:83,formatarNumero
FN:97,salvarNoSheets
FN:130,obterClientesPosVenda
FN:150,(anonymous_7)
FN:151,(anonymous_8)
FN:155,(anonymous_9)
FN:188,salvarDadosBrutosERP
FN:216,atualizarAbaClientes
FNF:12
FNH:0
FNDA:0,getSheetId
FNDA:0,logSimulacao
FNDA:0,processarCampanhaPosVenda
FNDA:0,(anonymous_3)
FNDA:0,formatarNumero
FNDA:0,salvarNoSheets
FNDA:0,obterClientesPosVenda
FNDA:0,(anonymous_7)
FNDA:0,(anonymous_8)
FNDA:0,(anonymous_9)
FNDA:0,salvarDadosBrutosERP
FNDA:0,atualizarAbaClientes
DA:1,0
DA:2,0
DA:4,0
DA:7,0
DA:12,0
DA:14,0
DA:20,0
DA:21,0
DA:22,0
DA:23,0
DA:26,0
DA:30,0
DA:31,0
DA:38,0
DA:39,0
DA:40,0
DA:41,0
DA:42,0
DA:43,0
DA:51,0
DA:53,0
DA:54,0
DA:55,0
DA:58,0
DA:59,0
DA:61,0
DA:62,0
DA:64,0
DA:66,0
DA:69,0
DA:73,0
DA:74,0
DA:76,0
DA:84,0
DA:85,0
DA:87,0
DA:88,0
DA:90,0
DA:98,0
DA:99,0
DA:101,0
DA:102,0
DA:103,0
DA:107,0
DA:108,0
DA:110,0
DA:111,0
DA:114,0
DA:121,0
DA:123,0
DA:131,0
DA:132,0
DA:133,0
DA:135,0
DA:140,0
DA:141,0
DA:142,0
DA:143,0
DA:146,0
DA:147,0
DA:148,0
DA:150,0
DA:151,0
DA:153,0
DA:155,0
DA:156,0
DA:157,0
DA:158,0
DA:160,0
DA:161,0
DA:163,0
DA:164,0
DA:170,0
DA:175,0
DA:176,0
DA:178,0
DA:180,0
DA:181,0
DA:189,0
DA:190,0
DA:191,0
DA:193,0
DA:198,0
DA:200,0
DA:207,0
DA:209,0
DA:217,0
DA:218,0
DA:219,0
DA:221,0
DA:228,0
DA:230,0
DA:234,0
LF:93
LH:0
BRDA:22,0,0,0
BRDA:22,0,1,0
BRDA:22,1,0,0
BRDA:22,1,1,0
BRDA:53,2,0,0
BRDA:53,2,1,0
BRDA:61,3,0,0
BRDA:61,3,1,0
BRDA:73,4,0,0
BRDA:73,4,1,0
BRDA:84,5,0,0
BRDA:84,5,1,0
BRDA:87,6,0,0
BRDA:87,6,1,0
BRDA:87,7,0,0
BRDA:87,7,1,0
BRDA:101,8,0,0
BRDA:101,8,1,0
BRDA:107,9,0,0
BRDA:107,9,1,0
BRDA:110,10,0,0
BRDA:133,11,0,0
BRDA:133,11,1,0
BRDA:141,12,0,0
BRDA:141,12,1,0
BRDA:141,13,0,0
BRDA:141,13,1,0
BRDA:147,14,0,0
BRDA:147,14,1,0
BRDA:156,15,0,0
BRDA:156,15,1,0
BRDA:158,16,0,0
BRDA:158,16,1,0
BRDA:160,17,0,0
BRDA:160,17,1,0
BRDA:163,18,0,0
BRDA:163,18,1,0
BRDA:163,19,0,0
BRDA:163,19,1,0
BRDA:175,20,0,0
BRDA:175,20,1,0
BRDA:191,21,0,0
BRDA:191,21,1,0
BRDA:219,22,0,0
BRDA:219,22,1,0
BRF:45
BRH:0
end_of_record
TN:
SF:Functions\report.js
FN:6,gerarRelatorioPDF
FN:7,(anonymous_1)
FN:61,(anonymous_2)
FN:94,(anonymous_3)
FNF:4
FNH:0
FNDA:0,gerarRelatorioPDF
FNDA:0,(anonymous_1)
FNDA:0,(anonymous_2)
FNDA:0,(anonymous_3)
DA:1,2
DA:2,2
DA:3,2
DA:4,2
DA:7,0
DA:8,0
DA:9,0
DA:11,0
DA:12,0
DA:14,0
DA:15,0
DA:16,0
DA:17,0
DA:19,0
DA:22,0
DA:24,0
DA:29,0
DA:33,0
DA:36,0
DA:39,0
DA:40,0
DA:41,0
DA:42,0
DA:43,0
DA:45,0
DA:46,0
DA:47,0
DA:48,0
DA:49,0
DA:51,0
DA:54,0
DA:55,0
DA:57,0
DA:59,0
DA:61,0
DA:62,0
DA:63,0
DA:64,0
DA:67,0
DA:68,0
DA:69,0
DA:70,0
DA:72,0
DA:74,0
DA:75,0
DA:76,0
DA:82,0
DA:83,0
DA:84,0
DA:85,0
DA:91,0
DA:92,0
DA:94,0
DA:95,0
DA:96,0
DA:99,0
DA:100,0
DA:105,2
LF:58
LH:5
BRDA:57,0,0,0
BRDA:57,0,1,0
BRDA:62,1,0,0
BRDA:62,1,1,0
BRDA:68,2,0,0
BRDA:68,2,1,0
BRDA:69,3,0,0
BRDA:69,3,1,0
BRDA:74,4,0,0
BRDA:74,4,1,0
BRF:10
BRH:0
end_of_record
TN:
SF:utils\formatador.js
FN:6,formatarNumeroBaileys
FN:26,formatarLeadParaSheets
FNF:2
FNH:2
FNDA:2,formatarNumeroBaileys
FNDA:1,formatarLeadParaSheets
DA:7,2
DA:8,2
DA:11,2
DA:12,2
DA:13,0
DA:14,0
DA:16,0
DA:28,1
DA:29,1
DA:30,1
DA:31,1
DA:34,1
DA:38,1
DA:39,1
DA:42,1
DA:53,1
LF:16
LH:13
BRDA:7,0,0,0
BRDA:7,0,1,2
BRDA:11,1,0,2
BRDA:11,1,1,0
BRDA:11,2,0,2
BRDA:11,2,1,2
BRDA:13,3,0,0
BRDA:13,3,1,0
BRDA:28,4,0,1
BRDA:28,4,1,1
BRDA:29,5,0,1
BRDA:29,5,1,0
BRDA:29,5,2,0
BRDA:30,6,0,1
BRDA:30,6,1,0
BRDA:31,7,0,1
BRDA:31,7,1,0
BRDA:34,8,0,0
BRDA:34,8,1,1
BRDA:34,9,0,1
BRDA:34,9,1,1
BRDA:39,10,0,0
BRDA:39,10,1,1
BRF:23
BRH:13
end_of_record
TN:
SF:utils\templates.js
FN:2,(anonymous_0)
FN:3,(anonymous_1)
FNF:2
FNH:1
FNDA:0,(anonymous_0)
FNDA:1,(anonymous_1)
DA:1,1
DA:2,0
DA:3,1
DA:7,1
LF:4
LH:3
BRF:0
BRH:0
end_of_record
